{"meta": {"format": 3, "version": "7.10.7", "timestamp": "2026-03-05T07:41:29.975799", "branch_coverage": false, "show_contexts": false}, "files": {"src\\__init__.py": {"executed_lines": [1, 3], "summary": {"covered_lines": 1, "num_statements": 1, "percent_covered": 100.0, "percent_covered_display": "100", "missing_lines": 0, "excluded_lines": 0}, "missing_lines": [], "excluded_lines": [], "functions": {"": {"executed_lines": [1, 3], "summary": {"covered_lines": 1, "num_statements": 1, "percent_covered": 100.0, "percent_covered_display": "100", "missing_lines": 0, "excluded_lines": 0}, "missing_lines": [], "excluded_lines": []}}, "classes": {"": {"executed_lines": [1, 3], "summary": {"covered_lines": 1, "num_statements": 1, "percent_covered": 100.0, "percent_covered_display": "100", "missing_lines": 0, "excluded_lines": 0}, "missing_lines": [], "excluded_lines": []}}}, "src\\__main__.py": {"executed_lines": [], "summary": {"covered_lines": 0, "num_statements": 3, "percent_covered": 0.0, "percent_covered_display": "0", "missing_lines": 3, "excluded_lines": 0}, "missing_lines": [8, 10, 11], "excluded_lines": [], "functions": {"": {"executed_lines": [], "summary": {"covered_lines": 0, "num_statements": 3, "percent_covered": 0.0, "percent_covered_display": "0", "missing_lines": 3, "excluded_lines": 0}, "missing_lines": [8, 10, 11], "excluded_lines": []}}, "classes": {"": {"executed_lines": [], "summary": {"covered_lines": 0, "num_statements": 3, "percent_covered": 0.0, "percent_covered_display": "0", "missing_lines": 3, "excluded_lines": 0}, "missing_lines": [8, 10, 11], "excluded_lines": []}}}, "src\\config.py": {"executed_lines": [1, 8, 11, 12, 15, 16, 17, 20, 21, 24, 25], "summary": {"covered_lines": 10, "num_statements": 10, "percent_covered": 100.0, "percent_covered_display": "100", "missing_lines": 0, "excluded_lines": 0}, "missing_lines": [], "excluded_lines": [], "functions": {"": {"executed_lines": [1, 8, 11, 12, 15, 16, 17, 20, 21, 24, 25], "summary": {"covered_lines": 10, "num_statements": 10, "percent_covered": 100.0, "percent_covered_display": "100", "missing_lines": 0, "excluded_lines": 0}, "missing_lines": [], "excluded_lines": []}}, "classes": {"": {"executed_lines": [1, 8, 11, 12, 15, 16, 17, 20, 21, 24, 25], "summary": {"covered_lines": 10, "num_statements": 10, "percent_covered": 100.0, "percent_covered_display": "100", "missing_lines": 0, "excluded_lines": 0}, "missing_lines": [], "excluded_lines": []}}}, "src\\database_manager.py": {"executed_lines": [1, 8, 9, 10, 13, 14, 21, 28, 30, 47, 50, 53, 55, 58, 67, 69, 93, 94, 95, 98, 101, 103, 104, 106, 107, 113, 114, 116, 122, 124, 126, 142, 143, 144, 146, 147, 149, 152, 153, 154, 155, 157, 159, 161, 180, 181, 184, 187, 188, 189, 191, 193, 194, 195, 196, 198, 200, 201, 202, 203, 205, 206, 208, 209, 212, 215, 216, 217, 218, 219, 221, 223, 242, 243, 246, 249, 250, 251, 253, 255, 256, 257, 258, 260, 267, 268, 270, 271, 274, 277, 278, 279, 281, 283, 304, 305, 308, 311, 312, 313, 315, 322, 324, 325, 326, 327, 329, 330, 332, 333, 336, 339, 340, 341, 343], "summary": {"covered_lines": 113, "num_statements": 121, "percent_covered": 93.38842975206612, "percent_covered_display": "93", "missing_lines": 8, "excluded_lines": 1}, "missing_lines": [262, 263, 264, 265, 317, 318, 319, 320], "excluded_lines": [70], "functions": {"DatabaseManager.__init__": {"executed_lines": [28], "summary": {"covered_lines": 1, "num_statements": 1, "percent_covered": 100.0, "percent_covered_display": "100", "missing_lines": 0, "excluded_lines": 0}, "missing_lines": [], "excluded_lines": []}, "DatabaseManager.get_readonly_connection": {"executed_lines": [47, 50, 53, 55], "summary": {"covered_lines": 4, "num_statements": 4, "percent_covered": 100.0, "percent_covered_display": "100", "missing_lines": 0, "excluded_lines": 0}, "missing_lines": [], "excluded_lines": []}, "DatabaseManager.exists": {"executed_lines": [67], "summary": {"covered_lines": 1, "num_statements": 1, "percent_covered": 100.0, "percent_covered_display": "100", "missing_lines": 0, "excluded_lines": 0}, "missing_lines": [], "excluded_lines": []}, "DatabaseManager.get_tables": {"executed_lines": [93, 94, 95, 98, 101, 103, 104, 106, 107, 113, 114, 116, 122, 124], "summary": {"covered_lines": 14, "num_statements": 14, "percent_covered": 100.0, "percent_covered_display": "100", "missing_lines": 0, "excluded_lines": 1}, "missing_lines": [], "excluded_lines": [70]}, "DatabaseManager.execute_query": {"executed_lines": [142, 143, 144, 146, 147, 149, 152, 153, 154, 155, 157, 159], "summary": {"covered_lines": 12, "num_statements": 12, "percent_covered": 100.0, "percent_covered_display": "100", "missing_lines": 0, "excluded_lines": 0}, "missing_lines": [], "excluded_lines": []}, "DatabaseManager.get_sleep_data": {"executed_lines": [180, 181, 184, 187, 188, 189, 191, 193, 194, 195, 196, 198, 200, 201, 202, 203, 205, 206, 208, 209, 212, 215, 216, 217, 218, 219, 221], "summary": {"covered_lines": 27, "num_statements": 27, "percent_covered": 100.0, "percent_covered_display": "100", "missing_lines": 0, "excluded_lines": 0}, "missing_lines": [], "excluded_lines": []}, "DatabaseManager.get_heart_rate_data": {"executed_lines": [242, 243, 246, 249, 250, 251, 253, 255, 256, 257, 258, 260, 267, 268, 270, 271, 274, 277, 278, 279, 281], "summary": {"covered_lines": 21, "num_statements": 25, "percent_covered": 84.0, "percent_covered_display": "84", "missing_lines": 4, "excluded_lines": 0}, "missing_lines": [262, 263, 264, 265], "excluded_lines": []}, "DatabaseManager.get_activity_data": {"executed_lines": [304, 305, 308, 311, 312, 313, 315, 322, 324, 325, 326, 327, 329, 330, 332, 333, 336, 339, 340, 341, 343], "summary": {"covered_lines": 21, "num_statements": 25, "percent_covered": 84.0, "percent_covered_display": "84", "missing_lines": 4, "excluded_lines": 0}, "missing_lines": [317, 318, 319, 320], "excluded_lines": []}, "": {"executed_lines": [1, 8, 9, 10, 13, 14, 21, 30, 58, 69, 126, 161, 223, 283], "summary": {"covered_lines": 12, "num_statements": 12, "percent_covered": 100.0, "percent_covered_display": "100", "missing_lines": 0, "excluded_lines": 0}, "missing_lines": [], "excluded_lines": []}}, "classes": {"DatabaseManager": {"executed_lines": [28, 47, 50, 53, 55, 67, 93, 94, 95, 98, 101, 103, 104, 106, 107, 113, 114, 116, 122, 124, 142, 143, 144, 146, 147, 149, 152, 153, 154, 155, 157, 159, 180, 181, 184, 187, 188, 189, 191, 193, 194, 195, 196, 198, 200, 201, 202, 203, 205, 206, 208, 209, 212, 215, 216, 217, 218, 219, 221, 242, 243, 246, 249, 250, 251, 253, 255, 256, 257, 258, 260, 267, 268, 270, 271, 274, 277, 278, 279, 281, 304, 305, 308, 311, 312, 313, 315, 322, 324, 325, 326, 327, 329, 330, 332, 333, 336, 339, 340, 341, 343], "summary": {"covered_lines": 101, "num_statements": 109, "percent_covered": 92.66055045871559, "percent_covered_display": "93", "missing_lines": 8, "excluded_lines": 1}, "missing_lines": [262, 263, 264, 265, 317, 318, 319, 320], "excluded_lines": [70]}, "": {"executed_lines": [1, 8, 9, 10, 13, 14, 21, 30, 58, 69, 126, 161, 223, 283], "summary": {"covered_lines": 12, "num_statements": 12, "percent_covered": 100.0, "percent_covered_display": "100", "missing_lines": 0, "excluded_lines": 0}, "missing_lines": [], "excluded_lines": []}}}, "src\\error_handling.py": {"executed_lines": [1, 10, 14, 119, 145, 146, 149, 180, 186, 187, 189, 192, 210], "summary": {"covered_lines": 12, "num_statements": 12, "percent_covered": 100.0, "percent_covered_display": "100", "missing_lines": 0, "excluded_lines": 0}, "missing_lines": [], "excluded_lines": [], "functions": {"get_error_message": {"executed_lines": [145, 146], "summary": {"covered_lines": 2, "num_statements": 2, "percent_covered": 100.0, "percent_covered_display": "100", "missing_lines": 0, "excluded_lines": 0}, "missing_lines": [], "excluded_lines": []}, "create_error_response": {"executed_lines": [180, 186, 187, 189], "summary": {"covered_lines": 4, "num_statements": 4, "percent_covered": 100.0, "percent_covered_display": "100", "missing_lines": 0, "excluded_lines": 0}, "missing_lines": [], "excluded_lines": []}, "create_success_response": {"executed_lines": [210], "summary": {"covered_lines": 1, "num_statements": 1, "percent_covered": 100.0, "percent_covered_display": "100", "missing_lines": 0, "excluded_lines": 0}, "missing_lines": [], "excluded_lines": []}, "": {"executed_lines": [1, 10, 14, 119, 149, 192], "summary": {"covered_lines": 5, "num_statements": 5, "percent_covered": 100.0, "percent_covered_display": "100", "missing_lines": 0, "excluded_lines": 0}, "missing_lines": [], "excluded_lines": []}}, "classes": {"": {"executed_lines": [1, 10, 14, 119, 145, 146, 149, 180, 186, 187, 189, 192, 210], "summary": {"covered_lines": 12, "num_statements": 12, "percent_covered": 100.0, "percent_covered_display": "100", "missing_lines": 0, "excluded_lines": 0}, "missing_lines": [], "excluded_lines": []}}}, "src\\google_drive_client.py": {"executed_lines": [1, 8, 9, 10, 12, 13, 14, 15, 16, 18, 19, 22, 25, 26, 40, 48, 49, 50, 51, 53, 78, 81, 82, 86, 89, 90, 91, 92, 101, 102, 104, 105, 106, 107, 111, 114, 115, 119, 120, 121, 125, 128, 129, 130, 139, 140, 141, 142, 150, 169, 170, 171, 173, 176, 182, 189, 191, 192, 196, 199, 200, 201, 203, 204, 208, 209, 210, 214, 216, 243, 244, 245, 247, 249, 255, 262, 264, 265, 269, 271, 272, 275, 276, 278, 279, 280, 282, 283, 284, 287, 288, 289, 290, 291, 296, 298, 299, 301, 302, 306, 314, 321], "summary": {"covered_lines": 100, "num_statements": 112, "percent_covered": 89.28571428571429, "percent_covered_display": "89", "missing_lines": 12, "excluded_lines": 0}, "missing_lines": [93, 94, 98, 131, 132, 136, 143, 144, 148, 307, 308, 312], "excluded_lines": [], "functions": {"GoogleDriveClient.__init__": {"executed_lines": [48, 49, 50, 51], "summary": {"covered_lines": 4, "num_statements": 4, "percent_covered": 100.0, "percent_covered_display": "100", "missing_lines": 0, "excluded_lines": 0}, "missing_lines": [], "excluded_lines": []}, "GoogleDriveClient.authenticate": {"executed_lines": [78, 81, 82, 86, 89, 90, 91, 92, 101, 102, 104, 105, 106, 107, 111, 114, 115, 119, 120, 121, 125, 128, 129, 130, 139, 140, 141, 142], "summary": {"covered_lines": 28, "num_statements": 37, "percent_covered": 75.67567567567568, "percent_covered_display": "76", "missing_lines": 9, "excluded_lines": 0}, "missing_lines": [93, 94, 98, 131, 132, 136, 143, 144, 148], "excluded_lines": []}, "GoogleDriveClient.find_folder": {"executed_lines": [169, 170, 171, 173, 176, 182, 189, 191, 192, 196, 199, 200, 201, 203, 204, 208, 209, 210, 214], "summary": {"covered_lines": 19, "num_statements": 19, "percent_covered": 100.0, "percent_covered_display": "100", "missing_lines": 0, "excluded_lines": 0}, "missing_lines": [], "excluded_lines": []}, "GoogleDriveClient.download_file": {"executed_lines": [243, 244, 245, 247, 249, 255, 262, 264, 265, 269, 271, 272, 275, 276, 278, 279, 280, 282, 283, 284, 287, 288, 289, 290, 291, 296, 298, 299, 301, 302, 306], "summary": {"covered_lines": 31, "num_statements": 34, "percent_covered": 91.17647058823529, "percent_covered_display": "91", "missing_lines": 3, "excluded_lines": 0}, "missing_lines": [307, 308, 312], "excluded_lines": []}, "GoogleDriveClient.get_last_error": {"executed_lines": [321], "summary": {"covered_lines": 1, "num_statements": 1, "percent_covered": 100.0, "percent_covered_display": "100", "missing_lines": 0, "excluded_lines": 0}, "missing_lines": [], "excluded_lines": []}, "": {"executed_lines": [1, 8, 9, 10, 12, 13, 14, 15, 16, 18, 19, 22, 25, 26, 40, 53, 150, 216, 314], "summary": {"covered_lines": 17, "num_statements": 17, "percent_covered": 100.0, "percent_covered_display": "100", "missing_lines": 0, "excluded_lines": 0}, "missing_lines": [], "excluded_lines": []}}, "classes": {"GoogleDriveClient": {"executed_lines": [48, 49, 50, 51, 78, 81, 82, 86, 89, 90, 91, 92, 101, 102, 104, 105, 106, 107, 111, 114, 115, 119, 120, 121, 125, 128, 129, 130, 139, 140, 141, 142, 169, 170, 171, 173, 176, 182, 189, 191, 192, 196, 199, 200, 201, 203, 204, 208, 209, 210, 214, 243, 244, 245, 247, 249, 255, 262, 264, 265, 269, 271, 272, 275, 276, 278, 279, 280, 282, 283, 284, 287, 288, 289, 290, 291, 296, 298, 299, 301, 302, 306, 321], "summary": {"covered_lines": 83, "num_statements": 95, "percent_covered": 87.36842105263158, "percent_covered_display": "87", "missing_lines": 12, "excluded_lines": 0}, "missing_lines": [93, 94, 98, 131, 132, 136, 143, 144, 148, 307, 308, 312], "excluded_lines": []}, "": {"executed_lines": [1, 8, 9, 10, 12, 13, 14, 15, 16, 18, 19, 22, 25, 26, 40, 53, 150, 216, 314], "summary": {"covered_lines": 17, "num_statements": 17, "percent_covered": 100.0, "percent_covered_display": "100", "missing_lines": 0, "excluded_lines": 0}, "missing_lines": [], "excluded_lines": []}}}, "src\\models.py": {"executed_lines": [1, 8, 9, 11, 14, 15, 27, 31, 35, 42, 43, 44, 57, 58, 60, 61, 62, 63, 64, 66, 67, 68, 81, 84, 87, 90, 91, 99, 102, 103, 111, 114, 115, 123, 127, 128, 138, 144, 145, 146, 164, 166, 168, 169, 171], "summary": {"covered_lines": 39, "num_statements": 41, "percent_covered": 95.1219512195122, "percent_covered_display": "95", "missing_lines": 2, "excluded_lines": 0}, "missing_lines": [82, 85], "excluded_lines": [], "functions": {"DateRangeParams.validate_date_format": {"executed_lines": [57, 58, 60, 61, 62, 63, 64], "summary": {"covered_lines": 7, "num_statements": 7, "percent_covered": 100.0, "percent_covered_display": "100", "missing_lines": 0, "excluded_lines": 0}, "missing_lines": [], "excluded_lines": []}, "DateRangeParams.validate_limit": {"executed_lines": [81, 84, 87], "summary": {"covered_lines": 3, "num_statements": 5, "percent_covered": 60.0, "percent_covered_display": "60", "missing_lines": 2, "excluded_lines": 0}, "missing_lines": [82, 85], "excluded_lines": []}, "QueryParams.validate_select_only": {"executed_lines": [164, 166, 168, 169, 171], "summary": {"covered_lines": 5, "num_statements": 5, "percent_covered": 100.0, "percent_covered_display": "100", "missing_lines": 0, "excluded_lines": 0}, "missing_lines": [], "excluded_lines": []}, "": {"executed_lines": [1, 8, 9, 11, 14, 15, 27, 31, 35, 42, 43, 44, 66, 67, 68, 90, 91, 99, 102, 103, 111, 114, 115, 123, 127, 128, 138, 144, 145, 146], "summary": {"covered_lines": 24, "num_statements": 24, "percent_covered": 100.0, "percent_covered_display": "100", "missing_lines": 0, "excluded_lines": 0}, "missing_lines": [], "excluded_lines": []}}, "classes": {"DateRangeParams": {"executed_lines": [57, 58, 60, 61, 62, 63, 64, 81, 84, 87], "summary": {"covered_lines": 10, "num_statements": 12, "percent_covered": 83.33333333333333, "percent_covered_display": "83", "missing_lines": 2, "excluded_lines": 0}, "missing_lines": [82, 85], "excluded_lines": []}, "SleepParams": {"executed_lines": [], "summary": {"covered_lines": 0, "num_statements": 0, "percent_covered": 100.0, "percent_covered_display": "100", "missing_lines": 0, "excluded_lines": 0}, "missing_lines": [], "excluded_lines": []}, "HeartRateParams": {"executed_lines": [], "summary": {"covered_lines": 0, "num_statements": 0, "percent_covered": 100.0, "percent_covered_display": "100", "missing_lines": 0, "excluded_lines": 0}, "missing_lines": [], "excluded_lines": []}, "ActivityParams": {"executed_lines": [], "summary": {"covered_lines": 0, "num_statements": 0, "percent_covered": 100.0, "percent_covered_display": "100", "missing_lines": 0, "excluded_lines": 0}, "missing_lines": [], "excluded_lines": []}, "QueryParams": {"executed_lines": [164, 166, 168, 169, 171], "summary": {"covered_lines": 5, "num_statements": 5, "percent_covered": 100.0, "percent_covered_display": "100", "missing_lines": 0, "excluded_lines": 0}, "missing_lines": [], "excluded_lines": []}, "": {"executed_lines": [1, 8, 9, 11, 14, 15, 27, 31, 35, 42, 43, 44, 66, 67, 68, 90, 91, 99, 102, 103, 111, 114, 115, 123, 127, 128, 138, 144, 145, 146], "summary": {"covered_lines": 24, "num_statements": 24, "percent_covered": 100.0, "percent_covered_display": "100", "missing_lines": 0, "excluded_lines": 0}, "missing_lines": [], "excluded_lines": []}}}, "src\\server.py": {"executed_lines": [1, 18, 19, 20, 22, 23, 25, 32, 33, 34, 35, 43, 50, 51, 54, 55, 113, 114, 126, 128, 129, 149, 150, 171, 173, 174, 179, 181, 182, 185, 186, 211, 212, 233, 235, 236, 241, 243, 244, 273, 274, 295, 297, 298, 303, 305, 306, 335, 336, 351, 353, 354, 355, 357, 358, 390, 406], "summary": {"covered_lines": 56, "num_statements": 103, "percent_covered": 54.36893203883495, "percent_covered_display": "54", "missing_lines": 47, "excluded_lines": 0}, "missing_lines": [67, 69, 70, 76, 77, 78, 84, 90, 91, 97, 99, 105, 106, 135, 137, 141, 142, 192, 198, 203, 204, 247, 248, 254, 260, 265, 266, 309, 310, 316, 322, 327, 328, 361, 362, 368, 371, 374, 376, 382, 383, 397, 399, 400, 402, 403, 407], "excluded_lines": [], "functions": {"nxk_sync_database": {"executed_lines": [], "summary": {"covered_lines": 0, "num_statements": 13, "percent_covered": 0.0, "percent_covered_display": "0", "missing_lines": 13, "excluded_lines": 0}, "missing_lines": [67, 69, 70, 76, 77, 78, 84, 90, 91, 97, 99, 105, 106], "excluded_lines": []}, "nxk_list_tables": {"executed_lines": [126, 128, 129], "summary": {"covered_lines": 3, "num_statements": 7, "percent_covered": 42.857142857142854, "percent_covered_display": "43", "missing_lines": 4, "excluded_lines": 0}, "missing_lines": [135, 137, 141, 142], "excluded_lines": []}, "nxk_get_sleep": {"executed_lines": [171, 173, 174, 179, 181, 182, 185, 186], "summary": {"covered_lines": 8, "num_statements": 12, "percent_covered": 66.66666666666667, "percent_covered_display": "67", "missing_lines": 4, "excluded_lines": 0}, "missing_lines": [192, 198, 203, 204], "excluded_lines": []}, "nxk_get_heart_rate": {"executed_lines": [233, 235, 236, 241, 243, 244], "summary": {"covered_lines": 6, "num_statements": 12, "percent_covered": 50.0, "percent_covered_display": "50", "missing_lines": 6, "excluded_lines": 0}, "missing_lines": [247, 248, 254, 260, 265, 266], "excluded_lines": []}, "nxk_get_activity": {"executed_lines": [295, 297, 298, 303, 305, 306], "summary": {"covered_lines": 6, "num_statements": 12, "percent_covered": 50.0, "percent_covered_display": "50", "missing_lines": 6, "excluded_lines": 0}, "missing_lines": [309, 310, 316, 322, 327, 328], "excluded_lines": []}, "nxk_query": {"executed_lines": [351, 353, 354, 355, 357, 358], "summary": {"covered_lines": 6, "num_statements": 14, "percent_covered": 42.857142857142854, "percent_covered_display": "43", "missing_lines": 8, "excluded_lines": 0}, "missing_lines": [361, 362, 368, 371, 374, 376, 382, 383], "excluded_lines": []}, "main": {"executed_lines": [], "summary": {"covered_lines": 0, "num_statements": 5, "percent_covered": 0.0, "percent_covered_display": "0", "missing_lines": 5, "excluded_lines": 0}, "missing_lines": [397, 399, 400, 402, 403], "excluded_lines": []}, "": {"executed_lines": [1, 18, 19, 20, 22, 23, 25, 32, 33, 34, 35, 43, 50, 51, 54, 55, 113, 114, 149, 150, 211, 212, 273, 274, 335, 336, 390, 406], "summary": {"covered_lines": 27, "num_statements": 28, "percent_covered": 96.42857142857143, "percent_covered_display": "96", "missing_lines": 1, "excluded_lines": 0}, "missing_lines": [407], "excluded_lines": []}}, "classes": {"": {"executed_lines": [1, 18, 19, 20, 22, 23, 25, 32, 33, 34, 35, 43, 50, 51, 54, 55, 113, 114, 126, 128, 129, 149, 150, 171, 173, 174, 179, 181, 182, 185, 186, 211, 212, 233, 235, 236, 241, 243, 244, 273, 274, 295, 297, 298, 303, 305, 306, 335, 336, 351, 353, 354, 355, 357, 358, 390, 406], "summary": {"covered_lines": 56, "num_statements": 103, "percent_covered": 54.36893203883495, "percent_covered_display": "54", "missing_lines": 47, "excluded_lines": 0}, "missing_lines": [67, 69, 70, 76, 77, 78, 84, 90, 91, 97, 99, 105, 106, 135, 137, 141, 142, 192, 198, 203, 204, 247, 248, 254, 260, 265, 266, 309, 310, 316, 322, 327, 328, 361, 362, 368, 371, 374, 376, 382, 383, 397, 399, 400, 402, 403, 407], "excluded_lines": []}}}, "src\\utils.py": {"executed_lines": [1, 7, 8, 11, 12, 19, 20, 43, 45, 46, 52, 53, 56, 59, 61, 63, 66, 67, 75, 76, 100, 104, 106, 109, 112, 117, 119, 120, 123, 124, 126], "summary": {"covered_lines": 28, "num_statements": 28, "percent_covered": 100.0, "percent_covered_display": "100", "missing_lines": 0, "excluded_lines": 0}, "missing_lines": [], "excluded_lines": [], "functions": {"TimestampConverter.convert": {"executed_lines": [43, 45, 46, 52, 53, 56, 59, 61, 63], "summary": {"covered_lines": 9, "num_statements": 9, "percent_covered": 100.0, "percent_covered_display": "100", "missing_lines": 0, "excluded_lines": 0}, "missing_lines": [], "excluded_lines": []}, "QueryValidator.is_select_only": {"executed_lines": [100, 104, 106, 109, 112, 117, 119, 120, 123, 124, 126], "summary": {"covered_lines": 11, "num_statements": 11, "percent_covered": 100.0, "percent_covered_display": "100", "missing_lines": 0, "excluded_lines": 0}, "missing_lines": [], "excluded_lines": []}, "": {"executed_lines": [1, 7, 8, 11, 12, 19, 20, 66, 67, 75, 76], "summary": {"covered_lines": 8, "num_statements": 8, "percent_covered": 100.0, "percent_covered_display": "100", "missing_lines": 0, "excluded_lines": 0}, "missing_lines": [], "excluded_lines": []}}, "classes": {"TimestampConverter": {"executed_lines": [43, 45, 46, 52, 53, 56, 59, 61, 63], "summary": {"covered_lines": 9, "num_statements": 9, "percent_covered": 100.0, "percent_covered_display": "100", "missing_lines": 0, "excluded_lines": 0}, "missing_lines": [], "excluded_lines": []}, "QueryValidator": {"executed_lines": [100, 104, 106, 109, 112, 117, 119, 120, 123, 124, 126], "summary": {"covered_lines": 11, "num_statements": 11, "percent_covered": 100.0, "percent_covered_display": "100", "missing_lines": 0, "excluded_lines": 0}, "missing_lines": [], "excluded_lines": []}, "": {"executed_lines": [1, 7, 8, 11, 12, 19, 20, 66, 67, 75, 76], "summary": {"covered_lines": 8, "num_statements": 8, "percent_covered": 100.0, "percent_covered_display": "100", "missing_lines": 0, "excluded_lines": 0}, "missing_lines": [], "excluded_lines": []}}}}, "totals": {"covered_lines": 359, "num_statements": 431, "percent_covered": 83.29466357308584, "percent_covered_display": "83", "missing_lines": 72, "excluded_lines": 1}}